{"level":"info","message":"User Z9e6gMYnRjcenWls0Rnacuyegjj2 logged in successfully"}
{"level":"error"}
{"level":"error"}
{"level":"info","message":"Character created successfully"}
{"level":"error"}
{"level":"error"}
{"level":"info","message":"User registered successfully"}
{"level":"error"}
{"level":"error"}
{"level":"error"}
{"level":"info","message":"User registered successfully"}
{"level":"info","message":"Retrieved all events successfully"}
{"level":"info","message":"Author created successfully"}
{"level":"info","message":"User registered successfully"}
{"level":"info","message":"User 8UdjQAcSllWKrbz74r6c3s7LbFt2 logged in successfully"}
{"level":"error"}
{"level":"error"}
{"level":"info","message":"Event created successfully"}
{"level":"info","message":"Event created successfully"}
{"level":"info","message":"Event created successfully"}
{"level":"info","message":"Event created successfully"}
{"level":"info","message":"Event created successfully"}
{"level":"info","message":"Event created successfully"}
{"level":"info","message":"Event created successfully"}
{"level":"info","message":"Event created successfully"}
{"level":"info","message":"Event created successfully"}
{"level":"info","message":"Event created successfully"}
{"level":"info","message":"Event created successfully"}
{"level":"info","message":"Event created successfully"}
{"level":"info","message":"Event created successfully"}
{"level":"info","message":"Event created successfully"}
{"level":"info","message":"Event created successfully"}
{"level":"info","message":"Event created successfully"}
{"level":"info","message":"Event created successfully"}
{"level":"info","message":"Event created successfully"}
{"level":"info","message":"Event created successfully"}
{"level":"info","message":"Event created successfully"}
{"level":"info","message":"Event created successfully"}
{"level":"info","message":"News article created successfully"}
{"level":"info","message":"News saved to local database successfully"}
